0 info it worked if it ends with ok
1 verbose cli [ '/usr/local/bin/node',
1 verbose cli   '/usr/local/bin/npm',
1 verbose cli   'install',
1 verbose cli   '-S',
1 verbose cli   'jquery' ]
2 info using npm@3.8.9
3 info using node@v6.2.0
4 silly loadCurrentTree Starting
5 silly install loadCurrentTree
6 silly install readLocalPackageData
7 silly fetchPackageMetaData jquery
8 silly fetchNamedPackageData jquery
9 silly mapToRegistry name jquery
10 silly mapToRegistry using default registry
11 silly mapToRegistry registry https://registry.npmjs.org/
12 silly mapToRegistry data Result {
12 silly mapToRegistry   raw: 'jquery',
12 silly mapToRegistry   scope: null,
12 silly mapToRegistry   name: 'jquery',
12 silly mapToRegistry   rawSpec: '',
12 silly mapToRegistry   spec: 'latest',
12 silly mapToRegistry   type: 'tag' }
13 silly mapToRegistry uri https://registry.npmjs.org/jquery
14 verbose request uri https://registry.npmjs.org/jquery
15 verbose request no auth needed
16 info attempt registry request try #1 at 9:38:04 AM
17 verbose request id 062a1570f0b3ae2d
18 http request GET https://registry.npmjs.org/jquery
19 http 200 https://registry.npmjs.org/jquery
20 verbose headers { server: 'CouchDB/1.5.0 (Erlang OTP/R16B03)',
20 verbose headers   etag: '"6TBY7U2UJ686718GF20R0UR8U"',
20 verbose headers   'content-type': 'application/json',
20 verbose headers   'content-encoding': 'gzip',
20 verbose headers   'cache-control': 'max-age=300',
20 verbose headers   'content-length': '10694',
20 verbose headers   'accept-ranges': 'bytes',
20 verbose headers   date: 'Mon, 23 May 2016 07:38:04 GMT',
20 verbose headers   via: '1.1 varnish',
20 verbose headers   age: '60',
20 verbose headers   connection: 'keep-alive',
20 verbose headers   'x-served-by': 'cache-ams4144-AMS',
20 verbose headers   'x-cache': 'HIT',
20 verbose headers   'x-cache-hits': '3',
20 verbose headers   'x-timer': 'S1463989084.976402,VS0,VE0',
20 verbose headers   vary: 'Accept-Encoding' }
21 silly get cb [ 200,
21 silly get   { server: 'CouchDB/1.5.0 (Erlang OTP/R16B03)',
21 silly get     etag: '"6TBY7U2UJ686718GF20R0UR8U"',
21 silly get     'content-type': 'application/json',
21 silly get     'content-encoding': 'gzip',
21 silly get     'cache-control': 'max-age=300',
21 silly get     'content-length': '10694',
21 silly get     'accept-ranges': 'bytes',
21 silly get     date: 'Mon, 23 May 2016 07:38:04 GMT',
21 silly get     via: '1.1 varnish',
21 silly get     age: '60',
21 silly get     connection: 'keep-alive',
21 silly get     'x-served-by': 'cache-ams4144-AMS',
21 silly get     'x-cache': 'HIT',
21 silly get     'x-cache-hits': '3',
21 silly get     'x-timer': 'S1463989084.976402,VS0,VE0',
21 silly get     vary: 'Accept-Encoding' } ]
22 verbose get saving jquery to /Users/oponder/.npm/registry.npmjs.org/jquery/.cache.json
23 verbose correctMkdir /Users/oponder/.npm correctMkdir not in flight; initializing
24 silly install normalizeTree
25 silly loadCurrentTree Finishing
26 silly loadIdealTree Starting
27 silly install loadIdealTree
28 silly cloneCurrentTree Starting
29 silly install cloneCurrentTreeToIdealTree
30 silly cloneCurrentTree Finishing
31 silly loadShrinkwrap Starting
32 silly install loadShrinkwrap
33 silly loadShrinkwrap Finishing
34 silly loadAllDepsIntoIdealTree Starting
35 silly install loadAllDepsIntoIdealTree
36 silly resolveWithNewModule jquery@2.2.4 checking installable status
37 silly cache add args [ 'jquery', null ]
38 verbose cache add spec jquery
39 silly cache add parsed spec Result {
39 silly cache add   raw: 'jquery',
39 silly cache add   scope: null,
39 silly cache add   name: 'jquery',
39 silly cache add   rawSpec: '',
39 silly cache add   spec: 'latest',
39 silly cache add   type: 'tag' }
40 silly addNamed jquery@latest
41 verbose addNamed "latest" is being treated as a dist-tag for jquery
42 info addNameTag [ 'jquery', 'latest' ]
43 silly mapToRegistry name jquery
44 silly mapToRegistry using default registry
45 silly mapToRegistry registry https://registry.npmjs.org/
46 silly mapToRegistry data Result {
46 silly mapToRegistry   raw: 'jquery',
46 silly mapToRegistry   scope: null,
46 silly mapToRegistry   name: 'jquery',
46 silly mapToRegistry   rawSpec: '',
46 silly mapToRegistry   spec: 'latest',
46 silly mapToRegistry   type: 'tag' }
47 silly mapToRegistry uri https://registry.npmjs.org/jquery
48 verbose addNameTag registry:https://registry.npmjs.org/jquery not in flight; fetching
49 verbose get https://registry.npmjs.org/jquery not expired, no request
50 silly addNameTag next cb for jquery with tag latest
51 silly addNamed jquery@2.2.4
52 verbose addNamed "2.2.4" is a plain semver version for jquery
53 silly mapToRegistry name jquery
54 silly mapToRegistry using default registry
55 silly mapToRegistry registry https://registry.npmjs.org/
56 silly mapToRegistry data Result {
56 silly mapToRegistry   raw: 'jquery',
56 silly mapToRegistry   scope: null,
56 silly mapToRegistry   name: 'jquery',
56 silly mapToRegistry   rawSpec: '',
56 silly mapToRegistry   spec: 'latest',
56 silly mapToRegistry   type: 'tag' }
57 silly mapToRegistry uri https://registry.npmjs.org/jquery
58 verbose addRemoteTarball https://registry.npmjs.org/jquery/-/jquery-2.2.4.tgz not in flight; adding
59 verbose addRemoteTarball [ 'https://registry.npmjs.org/jquery/-/jquery-2.2.4.tgz',
59 verbose addRemoteTarball   '2c89d6889b5eac522a7eea32c14521559c6cbf02' ]
60 info retry fetch attempt 1 at 9:38:04 AM
61 info attempt registry request try #1 at 9:38:04 AM
62 http fetch GET https://registry.npmjs.org/jquery/-/jquery-2.2.4.tgz
63 http fetch 200 https://registry.npmjs.org/jquery/-/jquery-2.2.4.tgz
64 silly fetchAndShaCheck shasum 2c89d6889b5eac522a7eea32c14521559c6cbf02
65 verbose addTmpTarball /var/folders/lm/2r36h8bd6l55bbn9jp3m1jjm0000gn/T/npm-74652-1f1f6777/registry.npmjs.org/jquery/-/jquery-2.2.4.tgz not in flight; adding
66 verbose addTmpTarball already have metadata; skipping unpack for jquery@2.2.4
67 verbose correctMkdir /Users/oponder/.npm correctMkdir not in flight; initializing
68 silly cache afterAdd jquery@2.2.4
69 verbose afterAdd /Users/oponder/.npm/jquery/2.2.4/package/package.json not in flight; writing
70 verbose correctMkdir /Users/oponder/.npm correctMkdir not in flight; initializing
71 verbose afterAdd /Users/oponder/.npm/jquery/2.2.4/package/package.json written
72 silly loadAllDepsIntoIdealTree Finishing
73 silly idealTree:prePrune happa@0.0.0
73 silly idealTree:prePrune ├── jquery@2.2.4
73 silly idealTree:prePrune ├─┬ node-kubernetes-client@0.2.3
73 silly idealTree:prePrune │ ├── async@0.2.10
73 silly idealTree:prePrune │ ├─┬ form-data@0.1.4
73 silly idealTree:prePrune │ │ ├── async@0.9.2
73 silly idealTree:prePrune │ │ ├─┬ combined-stream@0.0.7
73 silly idealTree:prePrune │ │ │ └── delayed-stream@0.0.5
73 silly idealTree:prePrune │ │ └── mime@1.2.11
73 silly idealTree:prePrune │ ├─┬ glob@7.0.3
73 silly idealTree:prePrune │ │ ├─┬ inflight@1.0.5
73 silly idealTree:prePrune │ │ │ └── wrappy@1.0.2
73 silly idealTree:prePrune │ │ ├── inherits@2.0.1
73 silly idealTree:prePrune │ │ ├─┬ minimatch@3.0.0
73 silly idealTree:prePrune │ │ │ └─┬ brace-expansion@1.1.4
73 silly idealTree:prePrune │ │ │   ├── balanced-match@0.4.1
73 silly idealTree:prePrune │ │ │   └── concat-map@0.0.1
73 silly idealTree:prePrune │ │ ├─┬ once@1.3.3
73 silly idealTree:prePrune │ │ │ └── wrappy@1.0.2
73 silly idealTree:prePrune │ │ └── path-is-absolute@1.0.0
73 silly idealTree:prePrune │ ├── json-gate@0.8.22
73 silly idealTree:prePrune │ ├─┬ request@2.26.0
73 silly idealTree:prePrune │ │ ├── aws-sign@0.3.0
73 silly idealTree:prePrune │ │ ├── cookie-jar@0.3.0
73 silly idealTree:prePrune │ │ ├── forever-agent@0.5.2
73 silly idealTree:prePrune │ │ ├─┬ hawk@1.0.0
73 silly idealTree:prePrune │ │ │ ├── boom@0.4.2
73 silly idealTree:prePrune │ │ │ ├── cryptiles@0.2.2
73 silly idealTree:prePrune │ │ │ ├── hoek@0.9.1
73 silly idealTree:prePrune │ │ │ └── sntp@0.2.4
73 silly idealTree:prePrune │ │ ├─┬ http-signature@0.10.1
73 silly idealTree:prePrune │ │ │ ├── asn1@0.1.11
73 silly idealTree:prePrune │ │ │ ├── assert-plus@0.1.5
73 silly idealTree:prePrune │ │ │ └── ctype@0.5.3
73 silly idealTree:prePrune │ │ ├── json-stringify-safe@5.0.1
73 silly idealTree:prePrune │ │ ├── mime@1.2.11
73 silly idealTree:prePrune │ │ ├── node-uuid@1.4.7
73 silly idealTree:prePrune │ │ ├── oauth-sign@0.3.0
73 silly idealTree:prePrune │ │ ├── qs@0.6.6
73 silly idealTree:prePrune │ │ └── tunnel-agent@0.3.0
73 silly idealTree:prePrune │ └── sugar@1.3.9
73 silly idealTree:prePrune ├── react-dom@15.1.0
73 silly idealTree:prePrune ├── react-file-reader-input@1.0.1
73 silly idealTree:prePrune ├─┬ react-markdown@2.2.0
73 silly idealTree:prePrune │ ├─┬ commonmark-react-renderer@4.1.4
73 silly idealTree:prePrune │ │ ├─┬ lodash.assign@4.0.9
73 silly idealTree:prePrune │ │ │ ├── lodash.keys@4.0.7
73 silly idealTree:prePrune │ │ │ └── lodash.rest@4.0.3
73 silly idealTree:prePrune │ │ ├── lodash.isplainobject@4.0.4
73 silly idealTree:prePrune │ │ └── xss-filters@1.2.6
73 silly idealTree:prePrune │ ├─┬ commonmark@0.24.0
73 silly idealTree:prePrune │ │ ├── entities@1.1.1
73 silly idealTree:prePrune │ │ ├── mdurl@1.0.1
73 silly idealTree:prePrune │ │ └── string.prototype.repeat@0.2.0
73 silly idealTree:prePrune │ └── in-publish@2.0.0
73 silly idealTree:prePrune ├─┬ react@0.14.8
73 silly idealTree:prePrune │ ├─┬ envify@3.4.0
73 silly idealTree:prePrune │ │ ├─┬ jstransform@10.1.0
73 silly idealTree:prePrune │ │ │ ├── base62@0.1.1
73 silly idealTree:prePrune │ │ │ ├── esprima-fb@13001.1001.0-dev-harmony-fb
73 silly idealTree:prePrune │ │ │ └─┬ source-map@0.1.31
73 silly idealTree:prePrune │ │ │   └── amdefine@1.0.0
73 silly idealTree:prePrune │ │ └── through@2.3.8
73 silly idealTree:prePrune │ └─┬ fbjs@0.6.1
73 silly idealTree:prePrune │   ├── core-js@1.2.6
73 silly idealTree:prePrune │   ├─┬ loose-envify@1.2.0
73 silly idealTree:prePrune │   │ └── js-tokens@1.0.3
73 silly idealTree:prePrune │   ├─┬ promise@7.1.1
73 silly idealTree:prePrune │   │ └── asap@2.0.4
73 silly idealTree:prePrune │   ├── ua-parser-js@0.7.10
73 silly idealTree:prePrune │   └── whatwg-fetch@0.9.0
73 silly idealTree:prePrune ├─┬ rest@1.3.2
73 silly idealTree:prePrune │ └── when@3.7.7
73 silly idealTree:prePrune └── validate.js@0.10.0
74 silly loadIdealTree Finishing
75 silly currentTree happa@0.0.0
75 silly currentTree ├─┬ node-kubernetes-client@0.2.3
75 silly currentTree │ ├── async@0.2.10
75 silly currentTree │ ├─┬ form-data@0.1.4
75 silly currentTree │ │ ├── async@0.9.2
75 silly currentTree │ │ ├─┬ combined-stream@0.0.7
75 silly currentTree │ │ │ └── delayed-stream@0.0.5
75 silly currentTree │ │ └── mime@1.2.11
75 silly currentTree │ ├─┬ glob@7.0.3
75 silly currentTree │ │ ├─┬ inflight@1.0.5
75 silly currentTree │ │ │ └── wrappy@1.0.2
75 silly currentTree │ │ ├── inherits@2.0.1
75 silly currentTree │ │ ├─┬ minimatch@3.0.0
75 silly currentTree │ │ │ └─┬ brace-expansion@1.1.4
75 silly currentTree │ │ │   ├── balanced-match@0.4.1
75 silly currentTree │ │ │   └── concat-map@0.0.1
75 silly currentTree │ │ ├─┬ once@1.3.3
75 silly currentTree │ │ │ └── wrappy@1.0.2
75 silly currentTree │ │ └── path-is-absolute@1.0.0
75 silly currentTree │ ├── json-gate@0.8.22
75 silly currentTree │ ├─┬ request@2.26.0
75 silly currentTree │ │ ├── aws-sign@0.3.0
75 silly currentTree │ │ ├── cookie-jar@0.3.0
75 silly currentTree │ │ ├── forever-agent@0.5.2
75 silly currentTree │ │ ├─┬ hawk@1.0.0
75 silly currentTree │ │ │ ├── boom@0.4.2
75 silly currentTree │ │ │ ├── cryptiles@0.2.2
75 silly currentTree │ │ │ ├── hoek@0.9.1
75 silly currentTree │ │ │ └── sntp@0.2.4
75 silly currentTree │ │ ├─┬ http-signature@0.10.1
75 silly currentTree │ │ │ ├── asn1@0.1.11
75 silly currentTree │ │ │ ├── assert-plus@0.1.5
75 silly currentTree │ │ │ └── ctype@0.5.3
75 silly currentTree │ │ ├── json-stringify-safe@5.0.1
75 silly currentTree │ │ ├── mime@1.2.11
75 silly currentTree │ │ ├── node-uuid@1.4.7
75 silly currentTree │ │ ├── oauth-sign@0.3.0
75 silly currentTree │ │ ├── qs@0.6.6
75 silly currentTree │ │ └── tunnel-agent@0.3.0
75 silly currentTree │ └── sugar@1.3.9
75 silly currentTree ├── react-dom@15.1.0
75 silly currentTree ├── react-file-reader-input@1.0.1
75 silly currentTree ├─┬ react-markdown@2.2.0
75 silly currentTree │ ├─┬ commonmark-react-renderer@4.1.4
75 silly currentTree │ │ ├─┬ lodash.assign@4.0.9
75 silly currentTree │ │ │ ├── lodash.keys@4.0.7
75 silly currentTree │ │ │ └── lodash.rest@4.0.3
75 silly currentTree │ │ ├── lodash.isplainobject@4.0.4
75 silly currentTree │ │ └── xss-filters@1.2.6
75 silly currentTree │ ├─┬ commonmark@0.24.0
75 silly currentTree │ │ ├── entities@1.1.1
75 silly currentTree │ │ ├── mdurl@1.0.1
75 silly currentTree │ │ └── string.prototype.repeat@0.2.0
75 silly currentTree │ └── in-publish@2.0.0
75 silly currentTree ├─┬ react@0.14.8
75 silly currentTree │ ├─┬ envify@3.4.0
75 silly currentTree │ │ ├─┬ jstransform@10.1.0
75 silly currentTree │ │ │ ├── base62@0.1.1
75 silly currentTree │ │ │ ├── esprima-fb@13001.1001.0-dev-harmony-fb
75 silly currentTree │ │ │ └─┬ source-map@0.1.31
75 silly currentTree │ │ │   └── amdefine@1.0.0
75 silly currentTree │ │ └── through@2.3.8
75 silly currentTree │ └─┬ fbjs@0.6.1
75 silly currentTree │   ├── core-js@1.2.6
75 silly currentTree │   ├─┬ loose-envify@1.2.0
75 silly currentTree │   │ └── js-tokens@1.0.3
75 silly currentTree │   ├─┬ promise@7.1.1
75 silly currentTree │   │ └── asap@2.0.4
75 silly currentTree │   ├── ua-parser-js@0.7.10
75 silly currentTree │   └── whatwg-fetch@0.9.0
75 silly currentTree ├─┬ rest@1.3.2
75 silly currentTree │ └── when@3.7.7
75 silly currentTree └── validate.js@0.10.0
76 silly idealTree happa@0.0.0
76 silly idealTree ├── jquery@2.2.4
76 silly idealTree ├─┬ node-kubernetes-client@0.2.3
76 silly idealTree │ ├── async@0.2.10
76 silly idealTree │ ├─┬ form-data@0.1.4
76 silly idealTree │ │ ├── async@0.9.2
76 silly idealTree │ │ ├─┬ combined-stream@0.0.7
76 silly idealTree │ │ │ └── delayed-stream@0.0.5
76 silly idealTree │ │ └── mime@1.2.11
76 silly idealTree │ ├─┬ glob@7.0.3
76 silly idealTree │ │ ├─┬ inflight@1.0.5
76 silly idealTree │ │ │ └── wrappy@1.0.2
76 silly idealTree │ │ ├── inherits@2.0.1
76 silly idealTree │ │ ├─┬ minimatch@3.0.0
76 silly idealTree │ │ │ └─┬ brace-expansion@1.1.4
76 silly idealTree │ │ │   ├── balanced-match@0.4.1
76 silly idealTree │ │ │   └── concat-map@0.0.1
76 silly idealTree │ │ ├─┬ once@1.3.3
76 silly idealTree │ │ │ └── wrappy@1.0.2
76 silly idealTree │ │ └── path-is-absolute@1.0.0
76 silly idealTree │ ├── json-gate@0.8.22
76 silly idealTree │ ├─┬ request@2.26.0
76 silly idealTree │ │ ├── aws-sign@0.3.0
76 silly idealTree │ │ ├── cookie-jar@0.3.0
76 silly idealTree │ │ ├── forever-agent@0.5.2
76 silly idealTree │ │ ├─┬ hawk@1.0.0
76 silly idealTree │ │ │ ├── boom@0.4.2
76 silly idealTree │ │ │ ├── cryptiles@0.2.2
76 silly idealTree │ │ │ ├── hoek@0.9.1
76 silly idealTree │ │ │ └── sntp@0.2.4
76 silly idealTree │ │ ├─┬ http-signature@0.10.1
76 silly idealTree │ │ │ ├── asn1@0.1.11
76 silly idealTree │ │ │ ├── assert-plus@0.1.5
76 silly idealTree │ │ │ └── ctype@0.5.3
76 silly idealTree │ │ ├── json-stringify-safe@5.0.1
76 silly idealTree │ │ ├── mime@1.2.11
76 silly idealTree │ │ ├── node-uuid@1.4.7
76 silly idealTree │ │ ├── oauth-sign@0.3.0
76 silly idealTree │ │ ├── qs@0.6.6
76 silly idealTree │ │ └── tunnel-agent@0.3.0
76 silly idealTree │ └── sugar@1.3.9
76 silly idealTree ├── react-dom@15.1.0
76 silly idealTree ├── react-file-reader-input@1.0.1
76 silly idealTree ├─┬ react-markdown@2.2.0
76 silly idealTree │ ├─┬ commonmark-react-renderer@4.1.4
76 silly idealTree │ │ ├─┬ lodash.assign@4.0.9
76 silly idealTree │ │ │ ├── lodash.keys@4.0.7
76 silly idealTree │ │ │ └── lodash.rest@4.0.3
76 silly idealTree │ │ ├── lodash.isplainobject@4.0.4
76 silly idealTree │ │ └── xss-filters@1.2.6
76 silly idealTree │ ├─┬ commonmark@0.24.0
76 silly idealTree │ │ ├── entities@1.1.1
76 silly idealTree │ │ ├── mdurl@1.0.1
76 silly idealTree │ │ └── string.prototype.repeat@0.2.0
76 silly idealTree │ └── in-publish@2.0.0
76 silly idealTree ├─┬ react@0.14.8
76 silly idealTree │ ├─┬ envify@3.4.0
76 silly idealTree │ │ ├─┬ jstransform@10.1.0
76 silly idealTree │ │ │ ├── base62@0.1.1
76 silly idealTree │ │ │ ├── esprima-fb@13001.1001.0-dev-harmony-fb
76 silly idealTree │ │ │ └─┬ source-map@0.1.31
76 silly idealTree │ │ │   └── amdefine@1.0.0
76 silly idealTree │ │ └── through@2.3.8
76 silly idealTree │ └─┬ fbjs@0.6.1
76 silly idealTree │   ├── core-js@1.2.6
76 silly idealTree │   ├─┬ loose-envify@1.2.0
76 silly idealTree │   │ └── js-tokens@1.0.3
76 silly idealTree │   ├─┬ promise@7.1.1
76 silly idealTree │   │ └── asap@2.0.4
76 silly idealTree │   ├── ua-parser-js@0.7.10
76 silly idealTree │   └── whatwg-fetch@0.9.0
76 silly idealTree ├─┬ rest@1.3.2
76 silly idealTree │ └── when@3.7.7
76 silly idealTree └── validate.js@0.10.0
77 silly generateActionsToTake Starting
78 silly install generateActionsToTake
79 silly generateActionsToTake Finishing
80 silly diffTrees action count 1
81 silly diffTrees add jquery@2.2.4
82 silly decomposeActions action count 8
83 silly decomposeActions fetch jquery@2.2.4
84 silly decomposeActions extract jquery@2.2.4
85 silly decomposeActions test jquery@2.2.4
86 silly decomposeActions preinstall jquery@2.2.4
87 silly decomposeActions build jquery@2.2.4
88 silly decomposeActions install jquery@2.2.4
89 silly decomposeActions postinstall jquery@2.2.4
90 silly decomposeActions finalize jquery@2.2.4
91 silly executeActions Starting
92 silly install executeActions
93 silly doSerial global-install 0
94 silly doParallel fetch 1
95 verbose correctMkdir /Users/oponder/.npm/_locks correctMkdir not in flight; initializing
96 warn locking Error: EACCES: permission denied, open '/Users/oponder/.npm/_locks/staging-82e046bd55ca36c8.lock'
96 warn locking     at Error (native)
96 warn locking  /Users/oponder/.npm/_locks/staging-82e046bd55ca36c8.lock failed { Error: EACCES: permission denied, open '/Users/oponder/.npm/_locks/staging-82e046bd55ca36c8.lock'
96 warn locking     at Error (native)
96 warn locking   errno: -13,
96 warn locking   code: 'EACCES',
96 warn locking   syscall: 'open',
96 warn locking   path: '/Users/oponder/.npm/_locks/staging-82e046bd55ca36c8.lock' }
97 silly rollbackFailedOptional Starting
98 silly rollbackFailedOptional Finishing
99 silly runTopLevelLifecycles Starting
100 silly runTopLevelLifecycles Finishing
101 silly install printInstalled
102 warn react-dom@15.1.0 requires a peer of react@^15.1.0 but none was installed.
103 verbose stack Error: EACCES: permission denied, open '/Users/oponder/.npm/_locks/staging-82e046bd55ca36c8.lock'
103 verbose stack     at Error (native)
104 verbose cwd /Users/oponder/code/giantswarm/happa
105 error Darwin 15.4.0
106 error argv "/usr/local/bin/node" "/usr/local/bin/npm" "install" "-S" "jquery"
107 error node v6.2.0
108 error npm  v3.8.9
109 error path /Users/oponder/.npm/_locks/staging-82e046bd55ca36c8.lock
110 error code EACCES
111 error errno -13
112 error syscall open
113 error Error: EACCES: permission denied, open '/Users/oponder/.npm/_locks/staging-82e046bd55ca36c8.lock'
113 error     at Error (native)
113 error  { Error: EACCES: permission denied, open '/Users/oponder/.npm/_locks/staging-82e046bd55ca36c8.lock'
113 error     at Error (native)
113 error   errno: -13,
113 error   code: 'EACCES',
113 error   syscall: 'open',
113 error   path: '/Users/oponder/.npm/_locks/staging-82e046bd55ca36c8.lock' }
114 error Please try running this command again as root/Administrator.
115 verbose exit [ -13, true ]
